<?xml version="1.0" encoding="UTF-8"?>
<!-- Generated by org.testng.reporters.JUnitXMLReporter -->
<testsuite ignored="0" hostname="DESKTOP-UE8LSC2" failures="0" tests="3" name="Test" time="0.166" errors="0" timestamp="2024-05-20T21:03:47 IST">
  <testcase classname="Amazon_project.GTM_projects.Launch_Quit" name="@BeforeMethod login" time="0.017">
    <failure type="java.lang.NullPointerException" message="Cannot invoke &amp;quot;org.openqa.selenium.chrome.ChromeDriver.get(String)&amp;quot; because &amp;quot;this.driver&amp;quot; is null">
      <![CDATA[java.lang.NullPointerException: Cannot invoke "org.openqa.selenium.chrome.ChromeDriver.get(String)" because "this.driver" is null
at Amazon_project.GTM_projects.Launch_Quit.login(Launch_Quit.java:22)
at java.base/java.util.ArrayList.forEach(ArrayList.java:1511)
... Removed 31 stack frames]]>
    </failure>
  </testcase> <!-- @BeforeMethod login -->
  <testcase classname="Amazon_project.GTM_projects.Launch_Quit" name="@AfterMethod logout" time="-1.716219227486E9">
    <skipped/>
  </testcase> <!-- @AfterMethod logout -->
  <testcase classname="Amazon_project.GTM_projects.Launch_Quit" name="@BeforeMethod login" time="0.001">
    <failure type="java.lang.NullPointerException" message="Cannot invoke &amp;quot;org.openqa.selenium.chrome.ChromeDriver.get(String)&amp;quot; because &amp;quot;this.driver&amp;quot; is null">
      <![CDATA[java.lang.NullPointerException: Cannot invoke "org.openqa.selenium.chrome.ChromeDriver.get(String)" because "this.driver" is null
at Amazon_project.GTM_projects.Launch_Quit.login(Launch_Quit.java:22)
at java.base/java.util.ArrayList.forEach(ArrayList.java:1511)
... Removed 31 stack frames]]>
    </failure>
  </testcase> <!-- @BeforeMethod login -->
  <testcase classname="Amazon_project.GTM_projects.Launch_Quit" name="@AfterMethod logout" time="-1.716219227519E9">
    <skipped/>
  </testcase> <!-- @AfterMethod logout -->
  <testcase classname="Amazon_project.GTM_projects.Launch_Quit" name="@BeforeMethod login" time="0.0">
    <failure type="java.lang.NullPointerException" message="Cannot invoke &amp;quot;org.openqa.selenium.chrome.ChromeDriver.get(String)&amp;quot; because &amp;quot;this.driver&amp;quot; is null">
      <![CDATA[java.lang.NullPointerException: Cannot invoke "org.openqa.selenium.chrome.ChromeDriver.get(String)" because "this.driver" is null
at Amazon_project.GTM_projects.Launch_Quit.login(Launch_Quit.java:22)
at java.base/java.util.ArrayList.forEach(ArrayList.java:1511)
... Removed 31 stack frames]]>
    </failure>
  </testcase> <!-- @BeforeMethod login -->
  <testcase classname="Amazon_project.GTM_projects.Launch_Quit" name="@AfterMethod logout" time="-1.716219227554E9">
    <skipped/>
  </testcase> <!-- @AfterMethod logout -->
  <testcase classname="Amazon_project.GTM_projects.Testcase3" name="login_wrong_password" time="0.0">
    <skipped/>
  </testcase> <!-- login_wrong_password -->
  <testcase classname="Amazon_project.GTM_projects.Testcase4" name="edit_profile" time="0.0">
    <skipped/>
  </testcase> <!-- edit_profile -->
  <testcase classname="Amazon_project.GTM_projects.Testcase2" name="signin" time="0.0">
    <skipped/>
  </testcase> <!-- signin -->
</testsuite> <!-- Test -->
