<?xml version="1.0" encoding="UTF-8"?>
<testng-results ignored="0" total="1" passed="1" failed="0" skipped="0">
  <reporter-output>
  </reporter-output>
  <suite started-at="2024-06-11T12:25:05 IST" name="Default suite" finished-at="2024-06-11T12:25:27 IST" duration-ms="21523">
    <groups>
    </groups>
    <test started-at="2024-06-11T12:25:05 IST" name="Default test" finished-at="2024-06-11T12:25:27 IST" duration-ms="21523">
      <class name="Amazon_project.GTM_projects.Testcase2">
        <test-method is-config="true" signature="login()[pri:0, instance:Amazon_project.GTM_projects.Testcase2@5acf93bb]" started-at="2024-06-11T12:25:05 IST" name="login" finished-at="2024-06-11T12:25:17 IST" duration-ms="11557" status="PASS">
          <reporter-output>
          </reporter-output>
        </test-method> <!-- login -->
        <test-method signature="signin()[pri:0, instance:Amazon_project.GTM_projects.Testcase2@5acf93bb]" started-at="2024-06-11T12:25:17 IST" name="signin" finished-at="2024-06-11T12:25:25 IST" duration-ms="8404" status="PASS">
          <reporter-output>
          </reporter-output>
        </test-method> <!-- signin -->
        <test-method is-config="true" signature="logout()[pri:0, instance:Amazon_project.GTM_projects.Testcase2@5acf93bb]" started-at="2024-06-11T12:25:25 IST" name="logout" finished-at="2024-06-11T12:25:27 IST" duration-ms="1477" status="PASS">
          <reporter-output>
          </reporter-output>
        </test-method> <!-- logout -->
      </class> <!-- Amazon_project.GTM_projects.Testcase2 -->
    </test> <!-- Default test -->
  </suite> <!-- Default suite -->
</testng-results>
